[2017-02-20T08:52:29,897][ERROR][o.e.b.Bootstrap          ] Exception
java.lang.RuntimeException: can not run elasticsearch as root
	at org.elasticsearch.bootstrap.Bootstrap.initializeNatives(Bootstrap.java:105) ~[elasticsearch-5.2.1.jar:5.2.1]
	at org.elasticsearch.bootstrap.Bootstrap.setup(Bootstrap.java:203) ~[elasticsearch-5.2.1.jar:5.2.1]
	at org.elasticsearch.bootstrap.Bootstrap.init(Bootstrap.java:333) [elasticsearch-5.2.1.jar:5.2.1]
	at org.elasticsearch.bootstrap.Elasticsearch.init(Elasticsearch.java:121) [elasticsearch-5.2.1.jar:5.2.1]
	at org.elasticsearch.bootstrap.Elasticsearch.execute(Elasticsearch.java:112) [elasticsearch-5.2.1.jar:5.2.1]
	at org.elasticsearch.cli.SettingCommand.execute(SettingCommand.java:54) [elasticsearch-5.2.1.jar:5.2.1]
	at org.elasticsearch.cli.Command.mainWithoutErrorHandling(Command.java:122) [elasticsearch-5.2.1.jar:5.2.1]
	at org.elasticsearch.cli.Command.main(Command.java:88) [elasticsearch-5.2.1.jar:5.2.1]
	at org.elasticsearch.bootstrap.Elasticsearch.main(Elasticsearch.java:89) [elasticsearch-5.2.1.jar:5.2.1]
	at org.elasticsearch.bootstrap.Elasticsearch.main(Elasticsearch.java:82) [elasticsearch-5.2.1.jar:5.2.1]
[2017-02-20T08:52:29,950][WARN ][o.e.b.ElasticsearchUncaughtExceptionHandler] [] uncaught exception in thread [main]
org.elasticsearch.bootstrap.StartupException: java.lang.RuntimeException: can not run elasticsearch as root
	at org.elasticsearch.bootstrap.Elasticsearch.init(Elasticsearch.java:125) ~[elasticsearch-5.2.1.jar:5.2.1]
	at org.elasticsearch.bootstrap.Elasticsearch.execute(Elasticsearch.java:112) ~[elasticsearch-5.2.1.jar:5.2.1]
	at org.elasticsearch.cli.SettingCommand.execute(SettingCommand.java:54) ~[elasticsearch-5.2.1.jar:5.2.1]
	at org.elasticsearch.cli.Command.mainWithoutErrorHandling(Command.java:122) ~[elasticsearch-5.2.1.jar:5.2.1]
	at org.elasticsearch.cli.Command.main(Command.java:88) ~[elasticsearch-5.2.1.jar:5.2.1]
	at org.elasticsearch.bootstrap.Elasticsearch.main(Elasticsearch.java:89) ~[elasticsearch-5.2.1.jar:5.2.1]
	at org.elasticsearch.bootstrap.Elasticsearch.main(Elasticsearch.java:82) ~[elasticsearch-5.2.1.jar:5.2.1]
Caused by: java.lang.RuntimeException: can not run elasticsearch as root
	at org.elasticsearch.bootstrap.Bootstrap.initializeNatives(Bootstrap.java:105) ~[elasticsearch-5.2.1.jar:5.2.1]
	at org.elasticsearch.bootstrap.Bootstrap.setup(Bootstrap.java:203) ~[elasticsearch-5.2.1.jar:5.2.1]
	at org.elasticsearch.bootstrap.Bootstrap.init(Bootstrap.java:333) ~[elasticsearch-5.2.1.jar:5.2.1]
	at org.elasticsearch.bootstrap.Elasticsearch.init(Elasticsearch.java:121) ~[elasticsearch-5.2.1.jar:5.2.1]
	... 6 more
[2017-02-20T09:03:35,035][ERROR][o.e.b.Bootstrap          ] Exception
java.lang.RuntimeException: can not run elasticsearch as root
	at org.elasticsearch.bootstrap.Bootstrap.initializeNatives(Bootstrap.java:105) ~[elasticsearch-5.2.1.jar:5.2.1]
	at org.elasticsearch.bootstrap.Bootstrap.setup(Bootstrap.java:203) ~[elasticsearch-5.2.1.jar:5.2.1]
	at org.elasticsearch.bootstrap.Bootstrap.init(Bootstrap.java:333) [elasticsearch-5.2.1.jar:5.2.1]
	at org.elasticsearch.bootstrap.Elasticsearch.init(Elasticsearch.java:121) [elasticsearch-5.2.1.jar:5.2.1]
	at org.elasticsearch.bootstrap.Elasticsearch.execute(Elasticsearch.java:112) [elasticsearch-5.2.1.jar:5.2.1]
	at org.elasticsearch.cli.SettingCommand.execute(SettingCommand.java:54) [elasticsearch-5.2.1.jar:5.2.1]
	at org.elasticsearch.cli.Command.mainWithoutErrorHandling(Command.java:122) [elasticsearch-5.2.1.jar:5.2.1]
	at org.elasticsearch.cli.Command.main(Command.java:88) [elasticsearch-5.2.1.jar:5.2.1]
	at org.elasticsearch.bootstrap.Elasticsearch.main(Elasticsearch.java:89) [elasticsearch-5.2.1.jar:5.2.1]
	at org.elasticsearch.bootstrap.Elasticsearch.main(Elasticsearch.java:82) [elasticsearch-5.2.1.jar:5.2.1]
[2017-02-20T09:03:35,050][WARN ][o.e.b.ElasticsearchUncaughtExceptionHandler] [] uncaught exception in thread [main]
org.elasticsearch.bootstrap.StartupException: java.lang.RuntimeException: can not run elasticsearch as root
	at org.elasticsearch.bootstrap.Elasticsearch.init(Elasticsearch.java:125) ~[elasticsearch-5.2.1.jar:5.2.1]
	at org.elasticsearch.bootstrap.Elasticsearch.execute(Elasticsearch.java:112) ~[elasticsearch-5.2.1.jar:5.2.1]
	at org.elasticsearch.cli.SettingCommand.execute(SettingCommand.java:54) ~[elasticsearch-5.2.1.jar:5.2.1]
	at org.elasticsearch.cli.Command.mainWithoutErrorHandling(Command.java:122) ~[elasticsearch-5.2.1.jar:5.2.1]
	at org.elasticsearch.cli.Command.main(Command.java:88) ~[elasticsearch-5.2.1.jar:5.2.1]
	at org.elasticsearch.bootstrap.Elasticsearch.main(Elasticsearch.java:89) ~[elasticsearch-5.2.1.jar:5.2.1]
	at org.elasticsearch.bootstrap.Elasticsearch.main(Elasticsearch.java:82) ~[elasticsearch-5.2.1.jar:5.2.1]
Caused by: java.lang.RuntimeException: can not run elasticsearch as root
	at org.elasticsearch.bootstrap.Bootstrap.initializeNatives(Bootstrap.java:105) ~[elasticsearch-5.2.1.jar:5.2.1]
	at org.elasticsearch.bootstrap.Bootstrap.setup(Bootstrap.java:203) ~[elasticsearch-5.2.1.jar:5.2.1]
	at org.elasticsearch.bootstrap.Bootstrap.init(Bootstrap.java:333) ~[elasticsearch-5.2.1.jar:5.2.1]
	at org.elasticsearch.bootstrap.Elasticsearch.init(Elasticsearch.java:121) ~[elasticsearch-5.2.1.jar:5.2.1]
	... 6 more
[2017-02-20T09:05:04,386][ERROR][o.e.b.Bootstrap          ] Exception
java.lang.RuntimeException: can not run elasticsearch as root
	at org.elasticsearch.bootstrap.Bootstrap.initializeNatives(Bootstrap.java:105) ~[elasticsearch-5.2.1.jar:5.2.1]
	at org.elasticsearch.bootstrap.Bootstrap.setup(Bootstrap.java:203) ~[elasticsearch-5.2.1.jar:5.2.1]
	at org.elasticsearch.bootstrap.Bootstrap.init(Bootstrap.java:333) [elasticsearch-5.2.1.jar:5.2.1]
	at org.elasticsearch.bootstrap.Elasticsearch.init(Elasticsearch.java:121) [elasticsearch-5.2.1.jar:5.2.1]
	at org.elasticsearch.bootstrap.Elasticsearch.execute(Elasticsearch.java:112) [elasticsearch-5.2.1.jar:5.2.1]
	at org.elasticsearch.cli.SettingCommand.execute(SettingCommand.java:54) [elasticsearch-5.2.1.jar:5.2.1]
	at org.elasticsearch.cli.Command.mainWithoutErrorHandling(Command.java:122) [elasticsearch-5.2.1.jar:5.2.1]
	at org.elasticsearch.cli.Command.main(Command.java:88) [elasticsearch-5.2.1.jar:5.2.1]
	at org.elasticsearch.bootstrap.Elasticsearch.main(Elasticsearch.java:89) [elasticsearch-5.2.1.jar:5.2.1]
	at org.elasticsearch.bootstrap.Elasticsearch.main(Elasticsearch.java:82) [elasticsearch-5.2.1.jar:5.2.1]
[2017-02-20T09:05:04,401][WARN ][o.e.b.ElasticsearchUncaughtExceptionHandler] [] uncaught exception in thread [main]
org.elasticsearch.bootstrap.StartupException: java.lang.RuntimeException: can not run elasticsearch as root
	at org.elasticsearch.bootstrap.Elasticsearch.init(Elasticsearch.java:125) ~[elasticsearch-5.2.1.jar:5.2.1]
	at org.elasticsearch.bootstrap.Elasticsearch.execute(Elasticsearch.java:112) ~[elasticsearch-5.2.1.jar:5.2.1]
	at org.elasticsearch.cli.SettingCommand.execute(SettingCommand.java:54) ~[elasticsearch-5.2.1.jar:5.2.1]
	at org.elasticsearch.cli.Command.mainWithoutErrorHandling(Command.java:122) ~[elasticsearch-5.2.1.jar:5.2.1]
	at org.elasticsearch.cli.Command.main(Command.java:88) ~[elasticsearch-5.2.1.jar:5.2.1]
	at org.elasticsearch.bootstrap.Elasticsearch.main(Elasticsearch.java:89) ~[elasticsearch-5.2.1.jar:5.2.1]
	at org.elasticsearch.bootstrap.Elasticsearch.main(Elasticsearch.java:82) ~[elasticsearch-5.2.1.jar:5.2.1]
Caused by: java.lang.RuntimeException: can not run elasticsearch as root
	at org.elasticsearch.bootstrap.Bootstrap.initializeNatives(Bootstrap.java:105) ~[elasticsearch-5.2.1.jar:5.2.1]
	at org.elasticsearch.bootstrap.Bootstrap.setup(Bootstrap.java:203) ~[elasticsearch-5.2.1.jar:5.2.1]
	at org.elasticsearch.bootstrap.Bootstrap.init(Bootstrap.java:333) ~[elasticsearch-5.2.1.jar:5.2.1]
	at org.elasticsearch.bootstrap.Elasticsearch.init(Elasticsearch.java:121) ~[elasticsearch-5.2.1.jar:5.2.1]
	... 6 more
[2017-02-20T09:05:15,368][ERROR][o.e.b.Bootstrap          ] Exception
java.lang.RuntimeException: can not run elasticsearch as root
	at org.elasticsearch.bootstrap.Bootstrap.initializeNatives(Bootstrap.java:105) ~[elasticsearch-5.2.1.jar:5.2.1]
	at org.elasticsearch.bootstrap.Bootstrap.setup(Bootstrap.java:203) ~[elasticsearch-5.2.1.jar:5.2.1]
	at org.elasticsearch.bootstrap.Bootstrap.init(Bootstrap.java:333) [elasticsearch-5.2.1.jar:5.2.1]
	at org.elasticsearch.bootstrap.Elasticsearch.init(Elasticsearch.java:121) [elasticsearch-5.2.1.jar:5.2.1]
	at org.elasticsearch.bootstrap.Elasticsearch.execute(Elasticsearch.java:112) [elasticsearch-5.2.1.jar:5.2.1]
	at org.elasticsearch.cli.SettingCommand.execute(SettingCommand.java:54) [elasticsearch-5.2.1.jar:5.2.1]
	at org.elasticsearch.cli.Command.mainWithoutErrorHandling(Command.java:122) [elasticsearch-5.2.1.jar:5.2.1]
	at org.elasticsearch.cli.Command.main(Command.java:88) [elasticsearch-5.2.1.jar:5.2.1]
	at org.elasticsearch.bootstrap.Elasticsearch.main(Elasticsearch.java:89) [elasticsearch-5.2.1.jar:5.2.1]
	at org.elasticsearch.bootstrap.Elasticsearch.main(Elasticsearch.java:82) [elasticsearch-5.2.1.jar:5.2.1]
[2017-02-20T09:05:15,381][WARN ][o.e.b.ElasticsearchUncaughtExceptionHandler] [] uncaught exception in thread [main]
org.elasticsearch.bootstrap.StartupException: java.lang.RuntimeException: can not run elasticsearch as root
	at org.elasticsearch.bootstrap.Elasticsearch.init(Elasticsearch.java:125) ~[elasticsearch-5.2.1.jar:5.2.1]
	at org.elasticsearch.bootstrap.Elasticsearch.execute(Elasticsearch.java:112) ~[elasticsearch-5.2.1.jar:5.2.1]
	at org.elasticsearch.cli.SettingCommand.execute(SettingCommand.java:54) ~[elasticsearch-5.2.1.jar:5.2.1]
	at org.elasticsearch.cli.Command.mainWithoutErrorHandling(Command.java:122) ~[elasticsearch-5.2.1.jar:5.2.1]
	at org.elasticsearch.cli.Command.main(Command.java:88) ~[elasticsearch-5.2.1.jar:5.2.1]
	at org.elasticsearch.bootstrap.Elasticsearch.main(Elasticsearch.java:89) ~[elasticsearch-5.2.1.jar:5.2.1]
	at org.elasticsearch.bootstrap.Elasticsearch.main(Elasticsearch.java:82) ~[elasticsearch-5.2.1.jar:5.2.1]
Caused by: java.lang.RuntimeException: can not run elasticsearch as root
	at org.elasticsearch.bootstrap.Bootstrap.initializeNatives(Bootstrap.java:105) ~[elasticsearch-5.2.1.jar:5.2.1]
	at org.elasticsearch.bootstrap.Bootstrap.setup(Bootstrap.java:203) ~[elasticsearch-5.2.1.jar:5.2.1]
	at org.elasticsearch.bootstrap.Bootstrap.init(Bootstrap.java:333) ~[elasticsearch-5.2.1.jar:5.2.1]
	at org.elasticsearch.bootstrap.Elasticsearch.init(Elasticsearch.java:121) ~[elasticsearch-5.2.1.jar:5.2.1]
	... 6 more
[2017-02-20T09:19:16,205][INFO ][o.e.n.Node               ] [] initializing ...
[2017-02-20T09:19:17,023][INFO ][o.e.e.NodeEnvironment    ] [xcD8-RZ] using [1] data paths, mounts [[/home (clab109node03:/home)]], net usable_space [48gb], net total_space [65.1gb], spins? [possibly], types [nfs]
[2017-02-20T09:19:17,023][INFO ][o.e.e.NodeEnvironment    ] [xcD8-RZ] heap size [1.9gb], compressed ordinary object pointers [true]
[2017-02-20T09:19:17,036][INFO ][o.e.n.Node               ] node name [xcD8-RZ] derived from node ID [xcD8-RZHQMqpDIYkQ6ZBzQ]; set [node.name] to override
[2017-02-20T09:19:17,047][INFO ][o.e.n.Node               ] version[5.2.1], pid[19576], build[db0d481/2017-02-09T22:05:32.386Z], OS[Linux/3.10.0-514.el7.x86_64/amd64], JVM[Oracle Corporation/OpenJDK 64-Bit Server VM/1.8.0_111/25.111-b15]
[2017-02-20T09:19:18,702][INFO ][o.e.p.PluginsService     ] [xcD8-RZ] loaded module [aggs-matrix-stats]
[2017-02-20T09:19:18,703][INFO ][o.e.p.PluginsService     ] [xcD8-RZ] loaded module [ingest-common]
[2017-02-20T09:19:18,703][INFO ][o.e.p.PluginsService     ] [xcD8-RZ] loaded module [lang-expression]
[2017-02-20T09:19:18,703][INFO ][o.e.p.PluginsService     ] [xcD8-RZ] loaded module [lang-groovy]
[2017-02-20T09:19:18,703][INFO ][o.e.p.PluginsService     ] [xcD8-RZ] loaded module [lang-mustache]
[2017-02-20T09:19:18,703][INFO ][o.e.p.PluginsService     ] [xcD8-RZ] loaded module [lang-painless]
[2017-02-20T09:19:18,704][INFO ][o.e.p.PluginsService     ] [xcD8-RZ] loaded module [percolator]
[2017-02-20T09:19:18,704][INFO ][o.e.p.PluginsService     ] [xcD8-RZ] loaded module [reindex]
[2017-02-20T09:19:18,704][INFO ][o.e.p.PluginsService     ] [xcD8-RZ] loaded module [transport-netty3]
[2017-02-20T09:19:18,704][INFO ][o.e.p.PluginsService     ] [xcD8-RZ] loaded module [transport-netty4]
[2017-02-20T09:19:18,705][INFO ][o.e.p.PluginsService     ] [xcD8-RZ] no plugins loaded
[2017-02-20T09:19:21,798][INFO ][o.e.n.Node               ] initialized
[2017-02-20T09:19:21,799][INFO ][o.e.n.Node               ] [xcD8-RZ] starting ...
[2017-02-20T09:19:22,136][INFO ][o.e.t.TransportService   ] [xcD8-RZ] publish_address {127.0.0.1:9300}, bound_addresses {[::1]:9300}, {127.0.0.1:9300}
[2017-02-20T09:19:22,143][WARN ][o.e.b.BootstrapChecks    ] [xcD8-RZ] max file descriptors [4096] for elasticsearch process is too low, increase to at least [65536]
[2017-02-20T09:19:22,143][WARN ][o.e.b.BootstrapChecks    ] [xcD8-RZ] max virtual memory areas vm.max_map_count [65530] is too low, increase to at least [262144]
[2017-02-20T09:19:25,212][INFO ][o.e.c.s.ClusterService   ] [xcD8-RZ] new_master {xcD8-RZ}{xcD8-RZHQMqpDIYkQ6ZBzQ}{Y1IDfLtQQXm1QgyBYrmBEQ}{127.0.0.1}{127.0.0.1:9300}, reason: zen-disco-elected-as-master ([0] nodes joined)
[2017-02-20T09:19:25,248][INFO ][o.e.h.HttpServer         ] [xcD8-RZ] publish_address {127.0.0.1:9200}, bound_addresses {[::1]:9200}, {127.0.0.1:9200}
[2017-02-20T09:19:25,248][INFO ][o.e.n.Node               ] [xcD8-RZ] started
[2017-02-20T09:19:25,261][INFO ][o.e.g.GatewayService     ] [xcD8-RZ] recovered [0] indices into cluster_state
[2017-02-20T09:22:39,116][INFO ][o.e.n.Node               ] [xcD8-RZ] stopping ...
[2017-02-20T09:22:39,137][INFO ][o.e.n.Node               ] [xcD8-RZ] stopped
[2017-02-20T09:22:39,137][INFO ][o.e.n.Node               ] [xcD8-RZ] closing ...
[2017-02-20T09:22:39,150][INFO ][o.e.n.Node               ] [xcD8-RZ] closed
